<?xml version="1.0" encoding="UTF-8"?>
<testng-results skipped="0" failed="2" ignored="0" total="11" passed="9">
  <reporter-output>
  </reporter-output>
  <suite name="Default suite" duration-ms="189470" started-at="2019-11-14T03:29:00Z" finished-at="2019-11-14T03:32:09Z">
    <groups>
    </groups>
    <test name="Default test" duration-ms="189470" started-at="2019-11-14T03:29:00Z" finished-at="2019-11-14T03:32:09Z">
      <class name="com.training.sanity.tests.ELearningTest">
        <test-method status="PASS" signature="setUpBeforeClass()[pri:0, instance:com.training.sanity.tests.ELearningTest@18be83e4]" name="setUpBeforeClass" is-config="true" duration-ms="123" started-at="2019-11-14T08:59:00Z" finished-at="2019-11-14T08:59:00Z">
          <reporter-output>
          </reporter-output>
        </test-method> <!-- setUpBeforeClass -->
        <test-method status="PASS" signature="browserSetUp()[pri:0, instance:com.training.sanity.tests.ELearningTest@18be83e4]" name="browserSetUp" is-config="true" duration-ms="10736" started-at="2019-11-14T08:59:00Z" finished-at="2019-11-14T08:59:10Z">
          <reporter-output>
          </reporter-output>
        </test-method> <!-- browserSetUp -->
        <test-method status="PASS" signature="UrlSetUp()[pri:0, instance:com.training.sanity.tests.ELearningTest@18be83e4]" name="UrlSetUp" is-config="true" duration-ms="6899" started-at="2019-11-14T08:59:10Z" finished-at="2019-11-14T08:59:17Z">
          <reporter-output>
          </reporter-output>
        </test-method> <!-- UrlSetUp -->
        <test-method status="PASS" signature="Register()[pri:1, instance:com.training.sanity.tests.ELearningTest@18be83e4]" name="Register" duration-ms="51763" started-at="2019-11-14T08:59:17Z" description="ELTC_76/ELTC_77,Register" finished-at="2019-11-14T09:00:09Z">
          <reporter-output>
          </reporter-output>
        </test-method> <!-- Register -->
        <test-method status="PASS" signature="login()[pri:2, instance:com.training.sanity.tests.ELearningTest@18be83e4]" name="login" duration-ms="4142" started-at="2019-11-14T09:00:09Z" finished-at="2019-11-14T09:00:13Z">
          <reporter-output>
          </reporter-output>
        </test-method> <!-- login -->
        <test-method status="FAIL" signature="addUserTest(java.lang.String, java.lang.String)[pri:3, instance:com.training.sanity.tests.ELearningTest@18be83e4]" name="addUserTest" duration-ms="0" started-at="2019-11-14T09:00:13Z" description="ELTC_23,Add user to course" finished-at="2019-11-14T09:00:13Z">
          <exception class="org.testng.TestNGException">
            <message>
              <![CDATA[
Cannot inject @Test annotated Method [addUserTest] with [class java.lang.String, class java.lang.String].
For more information on native dependency injection please refer to http://testng.org/doc/documentation-main.html#native-dependency-injection]]>
            </message>
            <full-stacktrace>
              <![CDATA[org.testng.TestNGException: 
Cannot inject @Test annotated Method [addUserTest] with [class java.lang.String, class java.lang.String].
For more information on native dependency injection please refer to http://testng.org/doc/documentation-main.html#native-dependency-injection
	at org.testng.internal.Parameters.checkParameterTypes(Parameters.java:244)
	at org.testng.internal.Parameters.createParameters(Parameters.java:172)
	at org.testng.internal.Parameters.createParameters(Parameters.java:458)
	at org.testng.internal.Parameters.handleParameters(Parameters.java:569)
	at org.testng.internal.Invoker.handleParameters(Invoker.java:1308)
	at org.testng.internal.Invoker.createParameters(Invoker.java:1036)
	at org.testng.internal.Invoker.invokeTestMethods(Invoker.java:1126)
	at org.testng.internal.TestMethodWorker.invokeTestMethods(TestMethodWorker.java:126)
	at org.testng.internal.TestMethodWorker.run(TestMethodWorker.java:109)
	at org.testng.TestRunner.privateRun(TestRunner.java:744)
	at org.testng.TestRunner.run(TestRunner.java:602)
	at org.testng.SuiteRunner.runTest(SuiteRunner.java:380)
	at org.testng.SuiteRunner.runSequentially(SuiteRunner.java:375)
	at org.testng.SuiteRunner.privateRun(SuiteRunner.java:340)
	at org.testng.SuiteRunner.run(SuiteRunner.java:289)
	at org.testng.SuiteRunnerWorker.runSuite(SuiteRunnerWorker.java:52)
	at org.testng.SuiteRunnerWorker.run(SuiteRunnerWorker.java:86)
	at org.testng.TestNG.runSuitesSequentially(TestNG.java:1301)
	at org.testng.TestNG.runSuitesLocally(TestNG.java:1226)
	at org.testng.TestNG.runSuites(TestNG.java:1144)
	at org.testng.TestNG.run(TestNG.java:1115)
	at org.testng.remote.AbstractRemoteTestNG.run(AbstractRemoteTestNG.java:114)
	at org.testng.remote.RemoteTestNG.initAndRun(RemoteTestNG.java:251)
	at org.testng.remote.RemoteTestNG.main(RemoteTestNG.java:77)
]]>
            </full-stacktrace>
          </exception> <!-- org.testng.TestNGException -->
          <reporter-output>
          </reporter-output>
        </test-method> <!-- addUserTest -->
        <test-method status="PASS" signature="addCourseTest()[pri:4, instance:com.training.sanity.tests.ELearningTest@18be83e4]" name="addCourseTest" duration-ms="6686" started-at="2019-11-14T09:00:13Z" description="ELTC_24/ELTC_047,add a course category" finished-at="2019-11-14T09:00:20Z">
          <reporter-output>
          </reporter-output>
        </test-method> <!-- addCourseTest -->
        <test-method status="FAIL" signature="createCourseTest()[pri:5, instance:com.training.sanity.tests.ELearningTest@18be83e4]" name="createCourseTest" duration-ms="14481" started-at="2019-11-14T09:00:20Z" description="ELTC_22/ELTC_047,Create a course" finished-at="2019-11-14T09:00:34Z">
          <exception class="java.lang.AssertionError">
            <message>
              <![CDATA[The following asserts failed:
	Course is not present expected [true] but found [false]]]>
            </message>
            <full-stacktrace>
              <![CDATA[java.lang.AssertionError: The following asserts failed:
	Course is not present expected [true] but found [false]
	at org.testng.asserts.SoftAssert.assertAll(SoftAssert.java:43)
	at com.training.sanity.tests.ELearningTest.createCourseTest(ELearningTest.java:199)
	at sun.reflect.NativeMethodAccessorImpl.invoke0(Native Method)
	at sun.reflect.NativeMethodAccessorImpl.invoke(Unknown Source)
	at sun.reflect.DelegatingMethodAccessorImpl.invoke(Unknown Source)
	at java.lang.reflect.Method.invoke(Unknown Source)
	at org.testng.internal.MethodInvocationHelper.invokeMethod(MethodInvocationHelper.java:108)
	at org.testng.internal.Invoker.invokeMethod(Invoker.java:661)
	at org.testng.internal.Invoker.invokeTestMethod(Invoker.java:869)
	at org.testng.internal.Invoker.invokeTestMethods(Invoker.java:1193)
	at org.testng.internal.TestMethodWorker.invokeTestMethods(TestMethodWorker.java:126)
	at org.testng.internal.TestMethodWorker.run(TestMethodWorker.java:109)
	at org.testng.TestRunner.privateRun(TestRunner.java:744)
	at org.testng.TestRunner.run(TestRunner.java:602)
	at org.testng.SuiteRunner.runTest(SuiteRunner.java:380)
	at org.testng.SuiteRunner.runSequentially(SuiteRunner.java:375)
	at org.testng.SuiteRunner.privateRun(SuiteRunner.java:340)
	at org.testng.SuiteRunner.run(SuiteRunner.java:289)
	at org.testng.SuiteRunnerWorker.runSuite(SuiteRunnerWorker.java:52)
	at org.testng.SuiteRunnerWorker.run(SuiteRunnerWorker.java:86)
	at org.testng.TestNG.runSuitesSequentially(TestNG.java:1301)
	at org.testng.TestNG.runSuitesLocally(TestNG.java:1226)
	at org.testng.TestNG.runSuites(TestNG.java:1144)
	at org.testng.TestNG.run(TestNG.java:1115)
	at org.testng.remote.AbstractRemoteTestNG.run(AbstractRemoteTestNG.java:114)
	at org.testng.remote.RemoteTestNG.initAndRun(RemoteTestNG.java:251)
	at org.testng.remote.RemoteTestNG.main(RemoteTestNG.java:77)
]]>
            </full-stacktrace>
          </exception> <!-- java.lang.AssertionError -->
          <reporter-output>
          </reporter-output>
        </test-method> <!-- createCourseTest -->
        <test-method status="PASS" signature="deleteCourseCategoryTest()[pri:6, instance:com.training.sanity.tests.ELearningTest@18be83e4]" name="deleteCourseCategoryTest" duration-ms="6191" started-at="2019-11-14T09:00:34Z" description="ELTC_25,Delete course category" finished-at="2019-11-14T09:00:41Z">
          <reporter-output>
          </reporter-output>
        </test-method> <!-- deleteCourseCategoryTest -->
        <test-method status="PASS" signature="deleteCourseTest()[pri:7, instance:com.training.sanity.tests.ELearningTest@18be83e4]" name="deleteCourseTest" duration-ms="5723" started-at="2019-11-14T09:00:41Z" description="ELTC_021,deleted the course" finished-at="2019-11-14T09:00:46Z">
          <reporter-output>
          </reporter-output>
        </test-method> <!-- deleteCourseTest -->
        <test-method status="PASS" signature="createUser()[pri:8, instance:com.training.sanity.tests.ELearningTest@18be83e4]" name="createUser" duration-ms="21056" started-at="2019-11-14T09:00:46Z" description="ELTC_048,create an user &amp; register user to the course" finished-at="2019-11-14T09:01:07Z">
          <reporter-output>
          </reporter-output>
        </test-method> <!-- createUser -->
        <test-method status="PASS" signature="addClassesAndSubscribe()[pri:9, instance:com.training.sanity.tests.ELearningTest@18be83e4]" name="addClassesAndSubscribe" duration-ms="32536" started-at="2019-11-14T09:01:07Z" description="ELTC_049,Add classes, subscribe user to class, subscribe class to course &amp; subscribe class to sessionsse" finished-at="2019-11-14T09:01:40Z">
          <reporter-output>
          </reporter-output>
        </test-method> <!-- addClassesAndSubscribe -->
        <test-method status="PASS" signature="creatTranningSession()[pri:10, instance:com.training.sanity.tests.ELearningTest@18be83e4]" name="creatTranningSession" duration-ms="14229" started-at="2019-11-14T09:01:40Z" description="ELTC_050,To verify whether application allows admin to create training session" finished-at="2019-11-14T09:01:54Z">
          <reporter-output>
          </reporter-output>
        </test-method> <!-- creatTranningSession -->
        <test-method status="PASS" signature="addMultipleUserTest()[pri:11, instance:com.training.sanity.tests.ELearningTest@18be83e4]" name="addMultipleUserTest" duration-ms="14967" started-at="2019-11-14T09:01:54Z" description="ELTC_80,Add multiple user to course" finished-at="2019-11-14T09:02:09Z">
          <reporter-output>
          </reporter-output>
        </test-method> <!-- addMultipleUserTest -->
        <test-method status="PASS" signature="tearDown()[pri:0, instance:com.training.sanity.tests.ELearningTest@18be83e4]" name="tearDown" is-config="true" duration-ms="876" started-at="2019-11-14T09:02:09Z" finished-at="2019-11-14T09:02:10Z">
          <reporter-output>
          </reporter-output>
        </test-method> <!-- tearDown -->
      </class> <!-- com.training.sanity.tests.ELearningTest -->
    </test> <!-- Default test -->
  </suite> <!-- Default suite -->
</testng-results>
